<?xml version="1.0" encoding="UTF-8"?>
<!-- Generated by org.testng.reporters.JUnitReportReporter -->
<testsuite hostname="iraramadhanty" failures="0" tests="7" name="ApiImplementation" time="11.260" errors="0" timestamp="2025-09-17T00:53:32 WIB" skipped="0">
  <testcase classname="ApiImplementation" name="create_booking" time="1.369"/>
  <testcase classname="ApiImplementation" name="get_booking_ids" time="1.734"/>
  <testcase classname="ApiImplementation" name="generate_token" time="1.810"/>
  <testcase classname="ApiImplementation" name="partial_update_booking" time="1.601"/>
  <testcase classname="ApiImplementation" name="get_booking" time="1.693"/>
  <testcase classname="ApiImplementation" name="update_booking" time="1.739"/>
  <testcase classname="ApiImplementation" name="delete_booking" time="1.314"/>
</testsuite> <!-- ApiImplementation -->
